The system is: Linux - 5.10.16.3-microsoft-standard-WSL2 - x86_64
Compiling the C compiler identification source file "CMakeCCompilerId.c" succeeded.
Compiler: /usr/bin/gcc 
Build flags: 
Id flags:  

The output was:
0


Compilation of the C compiler identification source "CMakeCCompilerId.c" produced "a.out"

The C compiler identification is GNU, found in "/home/kuraxii/desktop/repo/OnlineConference-server/build/CMakeFiles/3.18.4/CompilerIdC/a.out"

Compiling the CXX compiler identification source file "CMakeCXXCompilerId.cpp" succeeded.
Compiler: /usr/bin/g++ 
Build flags: 
Id flags:  

The output was:
0


Compilation of the CXX compiler identification source "CMakeCXXCompilerId.cpp" produced "a.out"

The CXX compiler identification is GNU, found in "/home/kuraxii/desktop/repo/OnlineConference-server/build/CMakeFiles/3.18.4/CompilerIdCXX/a.out"

Detecting C compiler ABI info compiled with the following output:
Change Dir: /home/kuraxii/desktop/repo/OnlineConference-server/build/CMakeFiles/CMakeTmp

Run Build Command(s):/usr/bin/gmake cmTC_28153/fast && /usr/bin/gmake  -f CMakeFiles/cmTC_28153.dir/build.make CMakeFiles/cmTC_28153.dir/build
gmake[1]: Entering directory '/home/kuraxii/desktop/repo/OnlineConference-server/build/CMakeFiles/CMakeTmp'
Building C object CMakeFiles/cmTC_28153.dir/CMakeCCompilerABI.c.o
/usr/bin/gcc   -v -o CMakeFiles/cmTC_28153.dir/CMakeCCompilerABI.c.o -c /usr/share/cmake-3.18/Modules/CMakeCCompilerABI.c
Using built-in specs.
COLLECT_GCC=/usr/bin/gcc
Target: x86_64-pc-linux-gnu
Configured with: ../configure --prefix=/usr/local/gcc-13.2.0 --enable-languages=c,c++ --enable-multilib --with-gmp=/usr/local/gmp-6.3.0 --with-mpfr=/usr/local/mpfr-4.2.1 --with-mpc=/usr/local/mpc-1.3.1
Thread model: posix
Supported LTO compression algorithms: zlib
gcc version 13.2.0 (GCC) 
COLLECT_GCC_OPTIONS='-v' '-o' 'CMakeFiles/cmTC_28153.dir/CMakeCCompilerABI.c.o' '-c' '-mtune=generic' '-march=x86-64' '-dumpdir' 'CMakeFiles/cmTC_28153.dir/'
 /usr/local/gcc-13.2.0/libexec/gcc/x86_64-pc-linux-gnu/13.2.0/cc1 -quiet -v -imultiarch x86_64-linux-gnu /usr/share/cmake-3.18/Modules/CMakeCCompilerABI.c -quiet -dumpdir CMakeFiles/cmTC_28153.dir/ -dumpbase CMakeCCompilerABI.c.c -dumpbase-ext .c -mtune=generic -march=x86-64 -version -o /tmp/ccUHAXOm.s
GNU C17 (GCC) version 13.2.0 (x86_64-pc-linux-gnu)
	compiled by GNU C version 13.2.0, GMP version 6.3.0, MPFR version 4.2.1, MPC version 1.3.1, isl version none
warning: GMP header version 6.3.0 differs from library version 6.2.1.
warning: MPFR header version 4.2.1 differs from library version 4.1.0.
warning: MPC header version 1.3.1 differs from library version 1.2.0.
GGC heuristics: --param ggc-min-expand=100 --param ggc-min-heapsize=131072
ignoring nonexistent directory "/usr/local/include/x86_64-linux-gnu"
ignoring nonexistent directory "/usr/local/gcc-13.2.0/lib/gcc/x86_64-pc-linux-gnu/13.2.0/../../../../x86_64-pc-linux-gnu/include"
#include "..." search starts here:
#include <...> search starts here:
 /usr/local/gcc-13.2.0/lib/gcc/x86_64-pc-linux-gnu/13.2.0/include
 /usr/local/include
 /usr/local/gcc-13.2.0/include
 /usr/local/gcc-13.2.0/lib/gcc/x86_64-pc-linux-gnu/13.2.0/include-fixed/x86_64-linux-gnu
 /usr/local/gcc-13.2.0/lib/gcc/x86_64-pc-linux-gnu/13.2.0/include-fixed
 /usr/include/x86_64-linux-gnu
 /usr/include
End of search list.
Compiler executable checksum: a28b75d37136c885bfe4f7f6ccaf0d4f
COLLECT_GCC_OPTIONS='-v' '-o' 'CMakeFiles/cmTC_28153.dir/CMakeCCompilerABI.c.o' '-c' '-mtune=generic' '-march=x86-64' '-dumpdir' 'CMakeFiles/cmTC_28153.dir/'
 as -v --64 -o CMakeFiles/cmTC_28153.dir/CMakeCCompilerABI.c.o /tmp/ccUHAXOm.s
GNU assembler version 2.35.2 (x86_64-linux-gnu) using BFD version (GNU Binutils for Debian) 2.35.2
COMPILER_PATH=/usr/local/gcc-13.2.0/libexec/gcc/x86_64-pc-linux-gnu/13.2.0/:/usr/local/gcc-13.2.0/libexec/gcc/x86_64-pc-linux-gnu/13.2.0/:/usr/local/gcc-13.2.0/libexec/gcc/x86_64-pc-linux-gnu/:/usr/local/gcc-13.2.0/lib/gcc/x86_64-pc-linux-gnu/13.2.0/:/usr/local/gcc-13.2.0/lib/gcc/x86_64-pc-linux-gnu/
LIBRARY_PATH=/usr/local/gcc-13.2.0/lib/gcc/x86_64-pc-linux-gnu/13.2.0/:/usr/local/gcc-13.2.0/lib/gcc/x86_64-pc-linux-gnu/13.2.0/../../../../lib64/:/lib/x86_64-linux-gnu/:/lib/../lib64/:/usr/lib/x86_64-linux-gnu/:/usr/local/gcc-13.2.0/lib/gcc/x86_64-pc-linux-gnu/13.2.0/../../../:/lib/:/usr/lib/
COLLECT_GCC_OPTIONS='-v' '-o' 'CMakeFiles/cmTC_28153.dir/CMakeCCompilerABI.c.o' '-c' '-mtune=generic' '-march=x86-64' '-dumpdir' 'CMakeFiles/cmTC_28153.dir/CMakeCCompilerABI.c.'
Linking C executable cmTC_28153
/usr/bin/cmake -E cmake_link_script CMakeFiles/cmTC_28153.dir/link.txt --verbose=1
/usr/bin/gcc  -v CMakeFiles/cmTC_28153.dir/CMakeCCompilerABI.c.o -o cmTC_28153 
Using built-in specs.
COLLECT_GCC=/usr/bin/gcc
COLLECT_LTO_WRAPPER=/usr/local/gcc-13.2.0/libexec/gcc/x86_64-pc-linux-gnu/13.2.0/lto-wrapper
Target: x86_64-pc-linux-gnu
Configured with: ../configure --prefix=/usr/local/gcc-13.2.0 --enable-languages=c,c++ --enable-multilib --with-gmp=/usr/local/gmp-6.3.0 --with-mpfr=/usr/local/mpfr-4.2.1 --with-mpc=/usr/local/mpc-1.3.1
Thread model: posix
Supported LTO compression algorithms: zlib
gcc version 13.2.0 (GCC) 
COMPILER_PATH=/usr/local/gcc-13.2.0/libexec/gcc/x86_64-pc-linux-gnu/13.2.0/:/usr/local/gcc-13.2.0/libexec/gcc/x86_64-pc-linux-gnu/13.2.0/:/usr/local/gcc-13.2.0/libexec/gcc/x86_64-pc-linux-gnu/:/usr/local/gcc-13.2.0/lib/gcc/x86_64-pc-linux-gnu/13.2.0/:/usr/local/gcc-13.2.0/lib/gcc/x86_64-pc-linux-gnu/
LIBRARY_PATH=/usr/local/gcc-13.2.0/lib/gcc/x86_64-pc-linux-gnu/13.2.0/:/usr/local/gcc-13.2.0/lib/gcc/x86_64-pc-linux-gnu/13.2.0/../../../../lib64/:/lib/x86_64-linux-gnu/:/lib/../lib64/:/usr/lib/x86_64-linux-gnu/:/usr/local/gcc-13.2.0/lib/gcc/x86_64-pc-linux-gnu/13.2.0/../../../:/lib/:/usr/lib/
COLLECT_GCC_OPTIONS='-v' '-o' 'cmTC_28153' '-mtune=generic' '-march=x86-64' '-dumpdir' 'cmTC_28153.'
 /usr/local/gcc-13.2.0/libexec/gcc/x86_64-pc-linux-gnu/13.2.0/collect2 -plugin /usr/local/gcc-13.2.0/libexec/gcc/x86_64-pc-linux-gnu/13.2.0/liblto_plugin.so -plugin-opt=/usr/local/gcc-13.2.0/libexec/gcc/x86_64-pc-linux-gnu/13.2.0/lto-wrapper -plugin-opt=-fresolution=/tmp/ccJrR0yQ.res -plugin-opt=-pass-through=-lgcc -plugin-opt=-pass-through=-lgcc_s -plugin-opt=-pass-through=-lc -plugin-opt=-pass-through=-lgcc -plugin-opt=-pass-through=-lgcc_s --eh-frame-hdr -m elf_x86_64 -dynamic-linker /lib64/ld-linux-x86-64.so.2 -o cmTC_28153 /usr/lib/x86_64-linux-gnu/crt1.o /usr/lib/x86_64-linux-gnu/crti.o /usr/local/gcc-13.2.0/lib/gcc/x86_64-pc-linux-gnu/13.2.0/crtbegin.o -L/usr/local/gcc-13.2.0/lib/gcc/x86_64-pc-linux-gnu/13.2.0 -L/usr/local/gcc-13.2.0/lib/gcc/x86_64-pc-linux-gnu/13.2.0/../../../../lib64 -L/lib/x86_64-linux-gnu -L/lib/../lib64 -L/usr/lib/x86_64-linux-gnu -L/usr/local/gcc-13.2.0/lib/gcc/x86_64-pc-linux-gnu/13.2.0/../../.. CMakeFiles/cmTC_28153.dir/CMakeCCompilerABI.c.o -lgcc --push-state --as-needed -lgcc_s --pop-state -lc -lgcc --push-state --as-needed -lgcc_s --pop-state /usr/local/gcc-13.2.0/lib/gcc/x86_64-pc-linux-gnu/13.2.0/crtend.o /usr/lib/x86_64-linux-gnu/crtn.o
COLLECT_GCC_OPTIONS='-v' '-o' 'cmTC_28153' '-mtune=generic' '-march=x86-64' '-dumpdir' 'cmTC_28153.'
gmake[1]: Leaving directory '/home/kuraxii/desktop/repo/OnlineConference-server/build/CMakeFiles/CMakeTmp'



Parsed C implicit include dir info from above output: rv=done
  found start of include info
  found start of implicit include info
    add: [/usr/local/gcc-13.2.0/lib/gcc/x86_64-pc-linux-gnu/13.2.0/include]
    add: [/usr/local/include]
    add: [/usr/local/gcc-13.2.0/include]
    add: [/usr/local/gcc-13.2.0/lib/gcc/x86_64-pc-linux-gnu/13.2.0/include-fixed/x86_64-linux-gnu]
    add: [/usr/local/gcc-13.2.0/lib/gcc/x86_64-pc-linux-gnu/13.2.0/include-fixed]
    add: [/usr/include/x86_64-linux-gnu]
    add: [/usr/include]
  end of search list found
  collapse include dir [/usr/local/gcc-13.2.0/lib/gcc/x86_64-pc-linux-gnu/13.2.0/include] ==> [/usr/local/gcc-13.2.0/lib/gcc/x86_64-pc-linux-gnu/13.2.0/include]
  collapse include dir [/usr/local/include] ==> [/usr/local/include]
  collapse include dir [/usr/local/gcc-13.2.0/include] ==> [/usr/local/gcc-13.2.0/include]
  collapse include dir [/usr/local/gcc-13.2.0/lib/gcc/x86_64-pc-linux-gnu/13.2.0/include-fixed/x86_64-linux-gnu] ==> [/usr/local/gcc-13.2.0/lib/gcc/x86_64-pc-linux-gnu/13.2.0/include-fixed/x86_64-linux-gnu]
  collapse include dir [/usr/local/gcc-13.2.0/lib/gcc/x86_64-pc-linux-gnu/13.2.0/include-fixed] ==> [/usr/local/gcc-13.2.0/lib/gcc/x86_64-pc-linux-gnu/13.2.0/include-fixed]
  collapse include dir [/usr/include/x86_64-linux-gnu] ==> [/usr/include/x86_64-linux-gnu]
  collapse include dir [/usr/include] ==> [/usr/include]
  implicit include dirs: [/usr/local/gcc-13.2.0/lib/gcc/x86_64-pc-linux-gnu/13.2.0/include;/usr/local/include;/usr/local/gcc-13.2.0/include;/usr/local/gcc-13.2.0/lib/gcc/x86_64-pc-linux-gnu/13.2.0/include-fixed/x86_64-linux-gnu;/usr/local/gcc-13.2.0/lib/gcc/x86_64-pc-linux-gnu/13.2.0/include-fixed;/usr/include/x86_64-linux-gnu;/usr/include]


Parsed C implicit link information from above output:
  link line regex: [^( *|.*[/\])(ld|CMAKE_LINK_STARTFILE-NOTFOUND|([^/\]+-)?ld|collect2)[^/\]*( |$)]
  ignore line: [Change Dir: /home/kuraxii/desktop/repo/OnlineConference-server/build/CMakeFiles/CMakeTmp]
  ignore line: []
  ignore line: [Run Build Command(s):/usr/bin/gmake cmTC_28153/fast && /usr/bin/gmake  -f CMakeFiles/cmTC_28153.dir/build.make CMakeFiles/cmTC_28153.dir/build]
  ignore line: [gmake[1]: Entering directory '/home/kuraxii/desktop/repo/OnlineConference-server/build/CMakeFiles/CMakeTmp']
  ignore line: [Building C object CMakeFiles/cmTC_28153.dir/CMakeCCompilerABI.c.o]
  ignore line: [/usr/bin/gcc   -v -o CMakeFiles/cmTC_28153.dir/CMakeCCompilerABI.c.o -c /usr/share/cmake-3.18/Modules/CMakeCCompilerABI.c]
  ignore line: [Using built-in specs.]
  ignore line: [COLLECT_GCC=/usr/bin/gcc]
  ignore line: [Target: x86_64-pc-linux-gnu]
  ignore line: [Configured with: ../configure --prefix=/usr/local/gcc-13.2.0 --enable-languages=c c++ --enable-multilib --with-gmp=/usr/local/gmp-6.3.0 --with-mpfr=/usr/local/mpfr-4.2.1 --with-mpc=/usr/local/mpc-1.3.1]
  ignore line: [Thread model: posix]
  ignore line: [Supported LTO compression algorithms: zlib]
  ignore line: [gcc version 13.2.0 (GCC) ]
  ignore line: [COLLECT_GCC_OPTIONS='-v' '-o' 'CMakeFiles/cmTC_28153.dir/CMakeCCompilerABI.c.o' '-c' '-mtune=generic' '-march=x86-64' '-dumpdir' 'CMakeFiles/cmTC_28153.dir/']
  ignore line: [ /usr/local/gcc-13.2.0/libexec/gcc/x86_64-pc-linux-gnu/13.2.0/cc1 -quiet -v -imultiarch x86_64-linux-gnu /usr/share/cmake-3.18/Modules/CMakeCCompilerABI.c -quiet -dumpdir CMakeFiles/cmTC_28153.dir/ -dumpbase CMakeCCompilerABI.c.c -dumpbase-ext .c -mtune=generic -march=x86-64 -version -o /tmp/ccUHAXOm.s]
  ignore line: [GNU C17 (GCC) version 13.2.0 (x86_64-pc-linux-gnu)]
  ignore line: [	compiled by GNU C version 13.2.0  GMP version 6.3.0  MPFR version 4.2.1  MPC version 1.3.1  isl version none]
  ignore line: [warning: GMP header version 6.3.0 differs from library version 6.2.1.]
  ignore line: [warning: MPFR header version 4.2.1 differs from library version 4.1.0.]
  ignore line: [warning: MPC header version 1.3.1 differs from library version 1.2.0.]
  ignore line: [GGC heuristics: --param ggc-min-expand=100 --param ggc-min-heapsize=131072]
  ignore line: [ignoring nonexistent directory "/usr/local/include/x86_64-linux-gnu"]
  ignore line: [ignoring nonexistent directory "/usr/local/gcc-13.2.0/lib/gcc/x86_64-pc-linux-gnu/13.2.0/../../../../x86_64-pc-linux-gnu/include"]
  ignore line: [#include "..." search starts here:]
  ignore line: [#include <...> search starts here:]
  ignore line: [ /usr/local/gcc-13.2.0/lib/gcc/x86_64-pc-linux-gnu/13.2.0/include]
  ignore line: [ /usr/local/include]
  ignore line: [ /usr/local/gcc-13.2.0/include]
  ignore line: [ /usr/local/gcc-13.2.0/lib/gcc/x86_64-pc-linux-gnu/13.2.0/include-fixed/x86_64-linux-gnu]
  ignore line: [ /usr/local/gcc-13.2.0/lib/gcc/x86_64-pc-linux-gnu/13.2.0/include-fixed]
  ignore line: [ /usr/include/x86_64-linux-gnu]
  ignore line: [ /usr/include]
  ignore line: [End of search list.]
  ignore line: [Compiler executable checksum: a28b75d37136c885bfe4f7f6ccaf0d4f]
  ignore line: [COLLECT_GCC_OPTIONS='-v' '-o' 'CMakeFiles/cmTC_28153.dir/CMakeCCompilerABI.c.o' '-c' '-mtune=generic' '-march=x86-64' '-dumpdir' 'CMakeFiles/cmTC_28153.dir/']
  ignore line: [ as -v --64 -o CMakeFiles/cmTC_28153.dir/CMakeCCompilerABI.c.o /tmp/ccUHAXOm.s]
  ignore line: [GNU assembler version 2.35.2 (x86_64-linux-gnu) using BFD version (GNU Binutils for Debian) 2.35.2]
  ignore line: [COMPILER_PATH=/usr/local/gcc-13.2.0/libexec/gcc/x86_64-pc-linux-gnu/13.2.0/:/usr/local/gcc-13.2.0/libexec/gcc/x86_64-pc-linux-gnu/13.2.0/:/usr/local/gcc-13.2.0/libexec/gcc/x86_64-pc-linux-gnu/:/usr/local/gcc-13.2.0/lib/gcc/x86_64-pc-linux-gnu/13.2.0/:/usr/local/gcc-13.2.0/lib/gcc/x86_64-pc-linux-gnu/]
  ignore line: [LIBRARY_PATH=/usr/local/gcc-13.2.0/lib/gcc/x86_64-pc-linux-gnu/13.2.0/:/usr/local/gcc-13.2.0/lib/gcc/x86_64-pc-linux-gnu/13.2.0/../../../../lib64/:/lib/x86_64-linux-gnu/:/lib/../lib64/:/usr/lib/x86_64-linux-gnu/:/usr/local/gcc-13.2.0/lib/gcc/x86_64-pc-linux-gnu/13.2.0/../../../:/lib/:/usr/lib/]
  ignore line: [COLLECT_GCC_OPTIONS='-v' '-o' 'CMakeFiles/cmTC_28153.dir/CMakeCCompilerABI.c.o' '-c' '-mtune=generic' '-march=x86-64' '-dumpdir' 'CMakeFiles/cmTC_28153.dir/CMakeCCompilerABI.c.']
  ignore line: [Linking C executable cmTC_28153]
  ignore line: [/usr/bin/cmake -E cmake_link_script CMakeFiles/cmTC_28153.dir/link.txt --verbose=1]
  ignore line: [/usr/bin/gcc  -v CMakeFiles/cmTC_28153.dir/CMakeCCompilerABI.c.o -o cmTC_28153 ]
  ignore line: [Using built-in specs.]
  ignore line: [COLLECT_GCC=/usr/bin/gcc]
  ignore line: [COLLECT_LTO_WRAPPER=/usr/local/gcc-13.2.0/libexec/gcc/x86_64-pc-linux-gnu/13.2.0/lto-wrapper]
  ignore line: [Target: x86_64-pc-linux-gnu]
  ignore line: [Configured with: ../configure --prefix=/usr/local/gcc-13.2.0 --enable-languages=c c++ --enable-multilib --with-gmp=/usr/local/gmp-6.3.0 --with-mpfr=/usr/local/mpfr-4.2.1 --with-mpc=/usr/local/mpc-1.3.1]
  ignore line: [Thread model: posix]
  ignore line: [Supported LTO compression algorithms: zlib]
  ignore line: [gcc version 13.2.0 (GCC) ]
  ignore line: [COMPILER_PATH=/usr/local/gcc-13.2.0/libexec/gcc/x86_64-pc-linux-gnu/13.2.0/:/usr/local/gcc-13.2.0/libexec/gcc/x86_64-pc-linux-gnu/13.2.0/:/usr/local/gcc-13.2.0/libexec/gcc/x86_64-pc-linux-gnu/:/usr/local/gcc-13.2.0/lib/gcc/x86_64-pc-linux-gnu/13.2.0/:/usr/local/gcc-13.2.0/lib/gcc/x86_64-pc-linux-gnu/]
  ignore line: [LIBRARY_PATH=/usr/local/gcc-13.2.0/lib/gcc/x86_64-pc-linux-gnu/13.2.0/:/usr/local/gcc-13.2.0/lib/gcc/x86_64-pc-linux-gnu/13.2.0/../../../../lib64/:/lib/x86_64-linux-gnu/:/lib/../lib64/:/usr/lib/x86_64-linux-gnu/:/usr/local/gcc-13.2.0/lib/gcc/x86_64-pc-linux-gnu/13.2.0/../../../:/lib/:/usr/lib/]
  ignore line: [COLLECT_GCC_OPTIONS='-v' '-o' 'cmTC_28153' '-mtune=generic' '-march=x86-64' '-dumpdir' 'cmTC_28153.']
  link line: [ /usr/local/gcc-13.2.0/libexec/gcc/x86_64-pc-linux-gnu/13.2.0/collect2 -plugin /usr/local/gcc-13.2.0/libexec/gcc/x86_64-pc-linux-gnu/13.2.0/liblto_plugin.so -plugin-opt=/usr/local/gcc-13.2.0/libexec/gcc/x86_64-pc-linux-gnu/13.2.0/lto-wrapper -plugin-opt=-fresolution=/tmp/ccJrR0yQ.res -plugin-opt=-pass-through=-lgcc -plugin-opt=-pass-through=-lgcc_s -plugin-opt=-pass-through=-lc -plugin-opt=-pass-through=-lgcc -plugin-opt=-pass-through=-lgcc_s --eh-frame-hdr -m elf_x86_64 -dynamic-linker /lib64/ld-linux-x86-64.so.2 -o cmTC_28153 /usr/lib/x86_64-linux-gnu/crt1.o /usr/lib/x86_64-linux-gnu/crti.o /usr/local/gcc-13.2.0/lib/gcc/x86_64-pc-linux-gnu/13.2.0/crtbegin.o -L/usr/local/gcc-13.2.0/lib/gcc/x86_64-pc-linux-gnu/13.2.0 -L/usr/local/gcc-13.2.0/lib/gcc/x86_64-pc-linux-gnu/13.2.0/../../../../lib64 -L/lib/x86_64-linux-gnu -L/lib/../lib64 -L/usr/lib/x86_64-linux-gnu -L/usr/local/gcc-13.2.0/lib/gcc/x86_64-pc-linux-gnu/13.2.0/../../.. CMakeFiles/cmTC_28153.dir/CMakeCCompilerABI.c.o -lgcc --push-state --as-needed -lgcc_s --pop-state -lc -lgcc --push-state --as-needed -lgcc_s --pop-state /usr/local/gcc-13.2.0/lib/gcc/x86_64-pc-linux-gnu/13.2.0/crtend.o /usr/lib/x86_64-linux-gnu/crtn.o]
    arg [/usr/local/gcc-13.2.0/libexec/gcc/x86_64-pc-linux-gnu/13.2.0/collect2] ==> ignore
    arg [-plugin] ==> ignore
    arg [/usr/local/gcc-13.2.0/libexec/gcc/x86_64-pc-linux-gnu/13.2.0/liblto_plugin.so] ==> ignore
    arg [-plugin-opt=/usr/local/gcc-13.2.0/libexec/gcc/x86_64-pc-linux-gnu/13.2.0/lto-wrapper] ==> ignore
    arg [-plugin-opt=-fresolution=/tmp/ccJrR0yQ.res] ==> ignore
    arg [-plugin-opt=-pass-through=-lgcc] ==> ignore
    arg [-plugin-opt=-pass-through=-lgcc_s] ==> ignore
    arg [-plugin-opt=-pass-through=-lc] ==> ignore
    arg [-plugin-opt=-pass-through=-lgcc] ==> ignore
    arg [-plugin-opt=-pass-through=-lgcc_s] ==> ignore
    arg [--eh-frame-hdr] ==> ignore
    arg [-m] ==> ignore
    arg [elf_x86_64] ==> ignore
    arg [-dynamic-linker] ==> ignore
    arg [/lib64/ld-linux-x86-64.so.2] ==> ignore
    arg [-o] ==> ignore
    arg [cmTC_28153] ==> ignore
    arg [/usr/lib/x86_64-linux-gnu/crt1.o] ==> ignore
    arg [/usr/lib/x86_64-linux-gnu/crti.o] ==> ignore
    arg [/usr/local/gcc-13.2.0/lib/gcc/x86_64-pc-linux-gnu/13.2.0/crtbegin.o] ==> ignore
    arg [-L/usr/local/gcc-13.2.0/lib/gcc/x86_64-pc-linux-gnu/13.2.0] ==> dir [/usr/local/gcc-13.2.0/lib/gcc/x86_64-pc-linux-gnu/13.2.0]
    arg [-L/usr/local/gcc-13.2.0/lib/gcc/x86_64-pc-linux-gnu/13.2.0/../../../../lib64] ==> dir [/usr/local/gcc-13.2.0/lib/gcc/x86_64-pc-linux-gnu/13.2.0/../../../../lib64]
    arg [-L/lib/x86_64-linux-gnu] ==> dir [/lib/x86_64-linux-gnu]
    arg [-L/lib/../lib64] ==> dir [/lib/../lib64]
    arg [-L/usr/lib/x86_64-linux-gnu] ==> dir [/usr/lib/x86_64-linux-gnu]
    arg [-L/usr/local/gcc-13.2.0/lib/gcc/x86_64-pc-linux-gnu/13.2.0/../../..] ==> dir [/usr/local/gcc-13.2.0/lib/gcc/x86_64-pc-linux-gnu/13.2.0/../../..]
    arg [CMakeFiles/cmTC_28153.dir/CMakeCCompilerABI.c.o] ==> ignore
    arg [-lgcc] ==> lib [gcc]
    arg [--push-state] ==> ignore
    arg [--as-needed] ==> ignore
    arg [-lgcc_s] ==> lib [gcc_s]
    arg [--pop-state] ==> ignore
    arg [-lc] ==> lib [c]
    arg [-lgcc] ==> lib [gcc]
    arg [--push-state] ==> ignore
    arg [--as-needed] ==> ignore
    arg [-lgcc_s] ==> lib [gcc_s]
    arg [--pop-state] ==> ignore
    arg [/usr/local/gcc-13.2.0/lib/gcc/x86_64-pc-linux-gnu/13.2.0/crtend.o] ==> ignore
    arg [/usr/lib/x86_64-linux-gnu/crtn.o] ==> ignore
  collapse library dir [/usr/local/gcc-13.2.0/lib/gcc/x86_64-pc-linux-gnu/13.2.0] ==> [/usr/local/gcc-13.2.0/lib/gcc/x86_64-pc-linux-gnu/13.2.0]
  collapse library dir [/usr/local/gcc-13.2.0/lib/gcc/x86_64-pc-linux-gnu/13.2.0/../../../../lib64] ==> [/usr/local/gcc-13.2.0/lib64]
  collapse library dir [/lib/x86_64-linux-gnu] ==> [/lib/x86_64-linux-gnu]
  collapse library dir [/lib/../lib64] ==> [/lib64]
  collapse library dir [/usr/lib/x86_64-linux-gnu] ==> [/usr/lib/x86_64-linux-gnu]
  collapse library dir [/usr/local/gcc-13.2.0/lib/gcc/x86_64-pc-linux-gnu/13.2.0/../../..] ==> [/usr/local/gcc-13.2.0/lib]
  implicit libs: [gcc;gcc_s;c;gcc;gcc_s]
  implicit dirs: [/usr/local/gcc-13.2.0/lib/gcc/x86_64-pc-linux-gnu/13.2.0;/usr/local/gcc-13.2.0/lib64;/lib/x86_64-linux-gnu;/lib64;/usr/lib/x86_64-linux-gnu;/usr/local/gcc-13.2.0/lib]
  implicit fwks: []


Detecting CXX compiler ABI info compiled with the following output:
Change Dir: /home/kuraxii/desktop/repo/OnlineConference-server/build/CMakeFiles/CMakeTmp

Run Build Command(s):/usr/bin/gmake cmTC_0fe3e/fast && /usr/bin/gmake  -f CMakeFiles/cmTC_0fe3e.dir/build.make CMakeFiles/cmTC_0fe3e.dir/build
gmake[1]: Entering directory '/home/kuraxii/desktop/repo/OnlineConference-server/build/CMakeFiles/CMakeTmp'
Building CXX object CMakeFiles/cmTC_0fe3e.dir/CMakeCXXCompilerABI.cpp.o
/usr/bin/g++   -v -o CMakeFiles/cmTC_0fe3e.dir/CMakeCXXCompilerABI.cpp.o -c /usr/share/cmake-3.18/Modules/CMakeCXXCompilerABI.cpp
Using built-in specs.
COLLECT_GCC=/usr/bin/g++
Target: x86_64-pc-linux-gnu
Configured with: ../configure --prefix=/usr/local/gcc-13.2.0 --enable-languages=c,c++ --enable-multilib --with-gmp=/usr/local/gmp-6.3.0 --with-mpfr=/usr/local/mpfr-4.2.1 --with-mpc=/usr/local/mpc-1.3.1
Thread model: posix
Supported LTO compression algorithms: zlib
gcc version 13.2.0 (GCC) 
COLLECT_GCC_OPTIONS='-v' '-o' 'CMakeFiles/cmTC_0fe3e.dir/CMakeCXXCompilerABI.cpp.o' '-c' '-shared-libgcc' '-mtune=generic' '-march=x86-64' '-dumpdir' 'CMakeFiles/cmTC_0fe3e.dir/'
 /usr/local/gcc-13.2.0/libexec/gcc/x86_64-pc-linux-gnu/13.2.0/cc1plus -quiet -v -imultiarch x86_64-linux-gnu -D_GNU_SOURCE /usr/share/cmake-3.18/Modules/CMakeCXXCompilerABI.cpp -quiet -dumpdir CMakeFiles/cmTC_0fe3e.dir/ -dumpbase CMakeCXXCompilerABI.cpp.cpp -dumpbase-ext .cpp -mtune=generic -march=x86-64 -version -o /tmp/ccFg8ern.s
GNU C++17 (GCC) version 13.2.0 (x86_64-pc-linux-gnu)
	compiled by GNU C version 13.2.0, GMP version 6.3.0, MPFR version 4.2.1, MPC version 1.3.1, isl version none
warning: GMP header version 6.3.0 differs from library version 6.2.1.
warning: MPFR header version 4.2.1 differs from library version 4.1.0.
warning: MPC header version 1.3.1 differs from library version 1.2.0.
GGC heuristics: --param ggc-min-expand=100 --param ggc-min-heapsize=131072
ignoring nonexistent directory "/usr/local/include/x86_64-linux-gnu"
ignoring nonexistent directory "/usr/local/gcc-13.2.0/lib/gcc/x86_64-pc-linux-gnu/13.2.0/../../../../x86_64-pc-linux-gnu/include"
#include "..." search starts here:
#include <...> search starts here:
 /usr/local/gcc-13.2.0/lib/gcc/x86_64-pc-linux-gnu/13.2.0/../../../../include/c++/13.2.0
 /usr/local/gcc-13.2.0/lib/gcc/x86_64-pc-linux-gnu/13.2.0/../../../../include/c++/13.2.0/x86_64-pc-linux-gnu
 /usr/local/gcc-13.2.0/lib/gcc/x86_64-pc-linux-gnu/13.2.0/../../../../include/c++/13.2.0/backward
 /usr/local/gcc-13.2.0/lib/gcc/x86_64-pc-linux-gnu/13.2.0/include
 /usr/local/include
 /usr/local/gcc-13.2.0/include
 /usr/local/gcc-13.2.0/lib/gcc/x86_64-pc-linux-gnu/13.2.0/include-fixed/x86_64-linux-gnu
 /usr/local/gcc-13.2.0/lib/gcc/x86_64-pc-linux-gnu/13.2.0/include-fixed
 /usr/include/x86_64-linux-gnu
 /usr/include
End of search list.
Compiler executable checksum: 36470280077550325661b5f2aee44afc
COLLECT_GCC_OPTIONS='-v' '-o' 'CMakeFiles/cmTC_0fe3e.dir/CMakeCXXCompilerABI.cpp.o' '-c' '-shared-libgcc' '-mtune=generic' '-march=x86-64' '-dumpdir' 'CMakeFiles/cmTC_0fe3e.dir/'
 as -v --64 -o CMakeFiles/cmTC_0fe3e.dir/CMakeCXXCompilerABI.cpp.o /tmp/ccFg8ern.s
GNU assembler version 2.35.2 (x86_64-linux-gnu) using BFD version (GNU Binutils for Debian) 2.35.2
COMPILER_PATH=/usr/local/gcc-13.2.0/libexec/gcc/x86_64-pc-linux-gnu/13.2.0/:/usr/local/gcc-13.2.0/libexec/gcc/x86_64-pc-linux-gnu/13.2.0/:/usr/local/gcc-13.2.0/libexec/gcc/x86_64-pc-linux-gnu/:/usr/local/gcc-13.2.0/lib/gcc/x86_64-pc-linux-gnu/13.2.0/:/usr/local/gcc-13.2.0/lib/gcc/x86_64-pc-linux-gnu/
LIBRARY_PATH=/usr/local/gcc-13.2.0/lib/gcc/x86_64-pc-linux-gnu/13.2.0/:/usr/local/gcc-13.2.0/lib/gcc/x86_64-pc-linux-gnu/13.2.0/../../../../lib64/:/lib/x86_64-linux-gnu/:/lib/../lib64/:/usr/lib/x86_64-linux-gnu/:/usr/local/gcc-13.2.0/lib/gcc/x86_64-pc-linux-gnu/13.2.0/../../../:/lib/:/usr/lib/
COLLECT_GCC_OPTIONS='-v' '-o' 'CMakeFiles/cmTC_0fe3e.dir/CMakeCXXCompilerABI.cpp.o' '-c' '-shared-libgcc' '-mtune=generic' '-march=x86-64' '-dumpdir' 'CMakeFiles/cmTC_0fe3e.dir/CMakeCXXCompilerABI.cpp.'
Linking CXX executable cmTC_0fe3e
/usr/bin/cmake -E cmake_link_script CMakeFiles/cmTC_0fe3e.dir/link.txt --verbose=1
/usr/bin/g++  -v CMakeFiles/cmTC_0fe3e.dir/CMakeCXXCompilerABI.cpp.o -o cmTC_0fe3e 
Using built-in specs.
COLLECT_GCC=/usr/bin/g++
COLLECT_LTO_WRAPPER=/usr/local/gcc-13.2.0/libexec/gcc/x86_64-pc-linux-gnu/13.2.0/lto-wrapper
Target: x86_64-pc-linux-gnu
Configured with: ../configure --prefix=/usr/local/gcc-13.2.0 --enable-languages=c,c++ --enable-multilib --with-gmp=/usr/local/gmp-6.3.0 --with-mpfr=/usr/local/mpfr-4.2.1 --with-mpc=/usr/local/mpc-1.3.1
Thread model: posix
Supported LTO compression algorithms: zlib
gcc version 13.2.0 (GCC) 
COMPILER_PATH=/usr/local/gcc-13.2.0/libexec/gcc/x86_64-pc-linux-gnu/13.2.0/:/usr/local/gcc-13.2.0/libexec/gcc/x86_64-pc-linux-gnu/13.2.0/:/usr/local/gcc-13.2.0/libexec/gcc/x86_64-pc-linux-gnu/:/usr/local/gcc-13.2.0/lib/gcc/x86_64-pc-linux-gnu/13.2.0/:/usr/local/gcc-13.2.0/lib/gcc/x86_64-pc-linux-gnu/
LIBRARY_PATH=/usr/local/gcc-13.2.0/lib/gcc/x86_64-pc-linux-gnu/13.2.0/:/usr/local/gcc-13.2.0/lib/gcc/x86_64-pc-linux-gnu/13.2.0/../../../../lib64/:/lib/x86_64-linux-gnu/:/lib/../lib64/:/usr/lib/x86_64-linux-gnu/:/usr/local/gcc-13.2.0/lib/gcc/x86_64-pc-linux-gnu/13.2.0/../../../:/lib/:/usr/lib/
COLLECT_GCC_OPTIONS='-v' '-o' 'cmTC_0fe3e' '-shared-libgcc' '-mtune=generic' '-march=x86-64' '-dumpdir' 'cmTC_0fe3e.'
 /usr/local/gcc-13.2.0/libexec/gcc/x86_64-pc-linux-gnu/13.2.0/collect2 -plugin /usr/local/gcc-13.2.0/libexec/gcc/x86_64-pc-linux-gnu/13.2.0/liblto_plugin.so -plugin-opt=/usr/local/gcc-13.2.0/libexec/gcc/x86_64-pc-linux-gnu/13.2.0/lto-wrapper -plugin-opt=-fresolution=/tmp/ccjl9XBQ.res -plugin-opt=-pass-through=-lgcc_s -plugin-opt=-pass-through=-lgcc -plugin-opt=-pass-through=-lc -plugin-opt=-pass-through=-lgcc_s -plugin-opt=-pass-through=-lgcc --eh-frame-hdr -m elf_x86_64 -dynamic-linker /lib64/ld-linux-x86-64.so.2 -o cmTC_0fe3e /usr/lib/x86_64-linux-gnu/crt1.o /usr/lib/x86_64-linux-gnu/crti.o /usr/local/gcc-13.2.0/lib/gcc/x86_64-pc-linux-gnu/13.2.0/crtbegin.o -L/usr/local/gcc-13.2.0/lib/gcc/x86_64-pc-linux-gnu/13.2.0 -L/usr/local/gcc-13.2.0/lib/gcc/x86_64-pc-linux-gnu/13.2.0/../../../../lib64 -L/lib/x86_64-linux-gnu -L/lib/../lib64 -L/usr/lib/x86_64-linux-gnu -L/usr/local/gcc-13.2.0/lib/gcc/x86_64-pc-linux-gnu/13.2.0/../../.. CMakeFiles/cmTC_0fe3e.dir/CMakeCXXCompilerABI.cpp.o -lstdc++ -lm -lgcc_s -lgcc -lc -lgcc_s -lgcc /usr/local/gcc-13.2.0/lib/gcc/x86_64-pc-linux-gnu/13.2.0/crtend.o /usr/lib/x86_64-linux-gnu/crtn.o
COLLECT_GCC_OPTIONS='-v' '-o' 'cmTC_0fe3e' '-shared-libgcc' '-mtune=generic' '-march=x86-64' '-dumpdir' 'cmTC_0fe3e.'
gmake[1]: Leaving directory '/home/kuraxii/desktop/repo/OnlineConference-server/build/CMakeFiles/CMakeTmp'



Parsed CXX implicit include dir info from above output: rv=done
  found start of include info
  found start of implicit include info
    add: [/usr/local/gcc-13.2.0/lib/gcc/x86_64-pc-linux-gnu/13.2.0/../../../../include/c++/13.2.0]
    add: [/usr/local/gcc-13.2.0/lib/gcc/x86_64-pc-linux-gnu/13.2.0/../../../../include/c++/13.2.0/x86_64-pc-linux-gnu]
    add: [/usr/local/gcc-13.2.0/lib/gcc/x86_64-pc-linux-gnu/13.2.0/../../../../include/c++/13.2.0/backward]
    add: [/usr/local/gcc-13.2.0/lib/gcc/x86_64-pc-linux-gnu/13.2.0/include]
    add: [/usr/local/include]
    add: [/usr/local/gcc-13.2.0/include]
    add: [/usr/local/gcc-13.2.0/lib/gcc/x86_64-pc-linux-gnu/13.2.0/include-fixed/x86_64-linux-gnu]
    add: [/usr/local/gcc-13.2.0/lib/gcc/x86_64-pc-linux-gnu/13.2.0/include-fixed]
    add: [/usr/include/x86_64-linux-gnu]
    add: [/usr/include]
  end of search list found
  collapse include dir [/usr/local/gcc-13.2.0/lib/gcc/x86_64-pc-linux-gnu/13.2.0/../../../../include/c++/13.2.0] ==> [/usr/local/gcc-13.2.0/include/c++/13.2.0]
  collapse include dir [/usr/local/gcc-13.2.0/lib/gcc/x86_64-pc-linux-gnu/13.2.0/../../../../include/c++/13.2.0/x86_64-pc-linux-gnu] ==> [/usr/local/gcc-13.2.0/include/c++/13.2.0/x86_64-pc-linux-gnu]
  collapse include dir [/usr/local/gcc-13.2.0/lib/gcc/x86_64-pc-linux-gnu/13.2.0/../../../../include/c++/13.2.0/backward] ==> [/usr/local/gcc-13.2.0/include/c++/13.2.0/backward]
  collapse include dir [/usr/local/gcc-13.2.0/lib/gcc/x86_64-pc-linux-gnu/13.2.0/include] ==> [/usr/local/gcc-13.2.0/lib/gcc/x86_64-pc-linux-gnu/13.2.0/include]
  collapse include dir [/usr/local/include] ==> [/usr/local/include]
  collapse include dir [/usr/local/gcc-13.2.0/include] ==> [/usr/local/gcc-13.2.0/include]
  collapse include dir [/usr/local/gcc-13.2.0/lib/gcc/x86_64-pc-linux-gnu/13.2.0/include-fixed/x86_64-linux-gnu] ==> [/usr/local/gcc-13.2.0/lib/gcc/x86_64-pc-linux-gnu/13.2.0/include-fixed/x86_64-linux-gnu]
  collapse include dir [/usr/local/gcc-13.2.0/lib/gcc/x86_64-pc-linux-gnu/13.2.0/include-fixed] ==> [/usr/local/gcc-13.2.0/lib/gcc/x86_64-pc-linux-gnu/13.2.0/include-fixed]
  collapse include dir [/usr/include/x86_64-linux-gnu] ==> [/usr/include/x86_64-linux-gnu]
  collapse include dir [/usr/include] ==> [/usr/include]
  implicit include dirs: [/usr/local/gcc-13.2.0/include/c++/13.2.0;/usr/local/gcc-13.2.0/include/c++/13.2.0/x86_64-pc-linux-gnu;/usr/local/gcc-13.2.0/include/c++/13.2.0/backward;/usr/local/gcc-13.2.0/lib/gcc/x86_64-pc-linux-gnu/13.2.0/include;/usr/local/include;/usr/local/gcc-13.2.0/include;/usr/local/gcc-13.2.0/lib/gcc/x86_64-pc-linux-gnu/13.2.0/include-fixed/x86_64-linux-gnu;/usr/local/gcc-13.2.0/lib/gcc/x86_64-pc-linux-gnu/13.2.0/include-fixed;/usr/include/x86_64-linux-gnu;/usr/include]


Parsed CXX implicit link information from above output:
  link line regex: [^( *|.*[/\])(ld|CMAKE_LINK_STARTFILE-NOTFOUND|([^/\]+-)?ld|collect2)[^/\]*( |$)]
  ignore line: [Change Dir: /home/kuraxii/desktop/repo/OnlineConference-server/build/CMakeFiles/CMakeTmp]
  ignore line: []
  ignore line: [Run Build Command(s):/usr/bin/gmake cmTC_0fe3e/fast && /usr/bin/gmake  -f CMakeFiles/cmTC_0fe3e.dir/build.make CMakeFiles/cmTC_0fe3e.dir/build]
  ignore line: [gmake[1]: Entering directory '/home/kuraxii/desktop/repo/OnlineConference-server/build/CMakeFiles/CMakeTmp']
  ignore line: [Building CXX object CMakeFiles/cmTC_0fe3e.dir/CMakeCXXCompilerABI.cpp.o]
  ignore line: [/usr/bin/g++   -v -o CMakeFiles/cmTC_0fe3e.dir/CMakeCXXCompilerABI.cpp.o -c /usr/share/cmake-3.18/Modules/CMakeCXXCompilerABI.cpp]
  ignore line: [Using built-in specs.]
  ignore line: [COLLECT_GCC=/usr/bin/g++]
  ignore line: [Target: x86_64-pc-linux-gnu]
  ignore line: [Configured with: ../configure --prefix=/usr/local/gcc-13.2.0 --enable-languages=c c++ --enable-multilib --with-gmp=/usr/local/gmp-6.3.0 --with-mpfr=/usr/local/mpfr-4.2.1 --with-mpc=/usr/local/mpc-1.3.1]
  ignore line: [Thread model: posix]
  ignore line: [Supported LTO compression algorithms: zlib]
  ignore line: [gcc version 13.2.0 (GCC) ]
  ignore line: [COLLECT_GCC_OPTIONS='-v' '-o' 'CMakeFiles/cmTC_0fe3e.dir/CMakeCXXCompilerABI.cpp.o' '-c' '-shared-libgcc' '-mtune=generic' '-march=x86-64' '-dumpdir' 'CMakeFiles/cmTC_0fe3e.dir/']
  ignore line: [ /usr/local/gcc-13.2.0/libexec/gcc/x86_64-pc-linux-gnu/13.2.0/cc1plus -quiet -v -imultiarch x86_64-linux-gnu -D_GNU_SOURCE /usr/share/cmake-3.18/Modules/CMakeCXXCompilerABI.cpp -quiet -dumpdir CMakeFiles/cmTC_0fe3e.dir/ -dumpbase CMakeCXXCompilerABI.cpp.cpp -dumpbase-ext .cpp -mtune=generic -march=x86-64 -version -o /tmp/ccFg8ern.s]
  ignore line: [GNU C++17 (GCC) version 13.2.0 (x86_64-pc-linux-gnu)]
  ignore line: [	compiled by GNU C version 13.2.0  GMP version 6.3.0  MPFR version 4.2.1  MPC version 1.3.1  isl version none]
  ignore line: [warning: GMP header version 6.3.0 differs from library version 6.2.1.]
  ignore line: [warning: MPFR header version 4.2.1 differs from library version 4.1.0.]
  ignore line: [warning: MPC header version 1.3.1 differs from library version 1.2.0.]
  ignore line: [GGC heuristics: --param ggc-min-expand=100 --param ggc-min-heapsize=131072]
  ignore line: [ignoring nonexistent directory "/usr/local/include/x86_64-linux-gnu"]
  ignore line: [ignoring nonexistent directory "/usr/local/gcc-13.2.0/lib/gcc/x86_64-pc-linux-gnu/13.2.0/../../../../x86_64-pc-linux-gnu/include"]
  ignore line: [#include "..." search starts here:]
  ignore line: [#include <...> search starts here:]
  ignore line: [ /usr/local/gcc-13.2.0/lib/gcc/x86_64-pc-linux-gnu/13.2.0/../../../../include/c++/13.2.0]
  ignore line: [ /usr/local/gcc-13.2.0/lib/gcc/x86_64-pc-linux-gnu/13.2.0/../../../../include/c++/13.2.0/x86_64-pc-linux-gnu]
  ignore line: [ /usr/local/gcc-13.2.0/lib/gcc/x86_64-pc-linux-gnu/13.2.0/../../../../include/c++/13.2.0/backward]
  ignore line: [ /usr/local/gcc-13.2.0/lib/gcc/x86_64-pc-linux-gnu/13.2.0/include]
  ignore line: [ /usr/local/include]
  ignore line: [ /usr/local/gcc-13.2.0/include]
  ignore line: [ /usr/local/gcc-13.2.0/lib/gcc/x86_64-pc-linux-gnu/13.2.0/include-fixed/x86_64-linux-gnu]
  ignore line: [ /usr/local/gcc-13.2.0/lib/gcc/x86_64-pc-linux-gnu/13.2.0/include-fixed]
  ignore line: [ /usr/include/x86_64-linux-gnu]
  ignore line: [ /usr/include]
  ignore line: [End of search list.]
  ignore line: [Compiler executable checksum: 36470280077550325661b5f2aee44afc]
  ignore line: [COLLECT_GCC_OPTIONS='-v' '-o' 'CMakeFiles/cmTC_0fe3e.dir/CMakeCXXCompilerABI.cpp.o' '-c' '-shared-libgcc' '-mtune=generic' '-march=x86-64' '-dumpdir' 'CMakeFiles/cmTC_0fe3e.dir/']
  ignore line: [ as -v --64 -o CMakeFiles/cmTC_0fe3e.dir/CMakeCXXCompilerABI.cpp.o /tmp/ccFg8ern.s]
  ignore line: [GNU assembler version 2.35.2 (x86_64-linux-gnu) using BFD version (GNU Binutils for Debian) 2.35.2]
  ignore line: [COMPILER_PATH=/usr/local/gcc-13.2.0/libexec/gcc/x86_64-pc-linux-gnu/13.2.0/:/usr/local/gcc-13.2.0/libexec/gcc/x86_64-pc-linux-gnu/13.2.0/:/usr/local/gcc-13.2.0/libexec/gcc/x86_64-pc-linux-gnu/:/usr/local/gcc-13.2.0/lib/gcc/x86_64-pc-linux-gnu/13.2.0/:/usr/local/gcc-13.2.0/lib/gcc/x86_64-pc-linux-gnu/]
  ignore line: [LIBRARY_PATH=/usr/local/gcc-13.2.0/lib/gcc/x86_64-pc-linux-gnu/13.2.0/:/usr/local/gcc-13.2.0/lib/gcc/x86_64-pc-linux-gnu/13.2.0/../../../../lib64/:/lib/x86_64-linux-gnu/:/lib/../lib64/:/usr/lib/x86_64-linux-gnu/:/usr/local/gcc-13.2.0/lib/gcc/x86_64-pc-linux-gnu/13.2.0/../../../:/lib/:/usr/lib/]
  ignore line: [COLLECT_GCC_OPTIONS='-v' '-o' 'CMakeFiles/cmTC_0fe3e.dir/CMakeCXXCompilerABI.cpp.o' '-c' '-shared-libgcc' '-mtune=generic' '-march=x86-64' '-dumpdir' 'CMakeFiles/cmTC_0fe3e.dir/CMakeCXXCompilerABI.cpp.']
  ignore line: [Linking CXX executable cmTC_0fe3e]
  ignore line: [/usr/bin/cmake -E cmake_link_script CMakeFiles/cmTC_0fe3e.dir/link.txt --verbose=1]
  ignore line: [/usr/bin/g++  -v CMakeFiles/cmTC_0fe3e.dir/CMakeCXXCompilerABI.cpp.o -o cmTC_0fe3e ]
  ignore line: [Using built-in specs.]
  ignore line: [COLLECT_GCC=/usr/bin/g++]
  ignore line: [COLLECT_LTO_WRAPPER=/usr/local/gcc-13.2.0/libexec/gcc/x86_64-pc-linux-gnu/13.2.0/lto-wrapper]
  ignore line: [Target: x86_64-pc-linux-gnu]
  ignore line: [Configured with: ../configure --prefix=/usr/local/gcc-13.2.0 --enable-languages=c c++ --enable-multilib --with-gmp=/usr/local/gmp-6.3.0 --with-mpfr=/usr/local/mpfr-4.2.1 --with-mpc=/usr/local/mpc-1.3.1]
  ignore line: [Thread model: posix]
  ignore line: [Supported LTO compression algorithms: zlib]
  ignore line: [gcc version 13.2.0 (GCC) ]
  ignore line: [COMPILER_PATH=/usr/local/gcc-13.2.0/libexec/gcc/x86_64-pc-linux-gnu/13.2.0/:/usr/local/gcc-13.2.0/libexec/gcc/x86_64-pc-linux-gnu/13.2.0/:/usr/local/gcc-13.2.0/libexec/gcc/x86_64-pc-linux-gnu/:/usr/local/gcc-13.2.0/lib/gcc/x86_64-pc-linux-gnu/13.2.0/:/usr/local/gcc-13.2.0/lib/gcc/x86_64-pc-linux-gnu/]
  ignore line: [LIBRARY_PATH=/usr/local/gcc-13.2.0/lib/gcc/x86_64-pc-linux-gnu/13.2.0/:/usr/local/gcc-13.2.0/lib/gcc/x86_64-pc-linux-gnu/13.2.0/../../../../lib64/:/lib/x86_64-linux-gnu/:/lib/../lib64/:/usr/lib/x86_64-linux-gnu/:/usr/local/gcc-13.2.0/lib/gcc/x86_64-pc-linux-gnu/13.2.0/../../../:/lib/:/usr/lib/]
  ignore line: [COLLECT_GCC_OPTIONS='-v' '-o' 'cmTC_0fe3e' '-shared-libgcc' '-mtune=generic' '-march=x86-64' '-dumpdir' 'cmTC_0fe3e.']
  link line: [ /usr/local/gcc-13.2.0/libexec/gcc/x86_64-pc-linux-gnu/13.2.0/collect2 -plugin /usr/local/gcc-13.2.0/libexec/gcc/x86_64-pc-linux-gnu/13.2.0/liblto_plugin.so -plugin-opt=/usr/local/gcc-13.2.0/libexec/gcc/x86_64-pc-linux-gnu/13.2.0/lto-wrapper -plugin-opt=-fresolution=/tmp/ccjl9XBQ.res -plugin-opt=-pass-through=-lgcc_s -plugin-opt=-pass-through=-lgcc -plugin-opt=-pass-through=-lc -plugin-opt=-pass-through=-lgcc_s -plugin-opt=-pass-through=-lgcc --eh-frame-hdr -m elf_x86_64 -dynamic-linker /lib64/ld-linux-x86-64.so.2 -o cmTC_0fe3e /usr/lib/x86_64-linux-gnu/crt1.o /usr/lib/x86_64-linux-gnu/crti.o /usr/local/gcc-13.2.0/lib/gcc/x86_64-pc-linux-gnu/13.2.0/crtbegin.o -L/usr/local/gcc-13.2.0/lib/gcc/x86_64-pc-linux-gnu/13.2.0 -L/usr/local/gcc-13.2.0/lib/gcc/x86_64-pc-linux-gnu/13.2.0/../../../../lib64 -L/lib/x86_64-linux-gnu -L/lib/../lib64 -L/usr/lib/x86_64-linux-gnu -L/usr/local/gcc-13.2.0/lib/gcc/x86_64-pc-linux-gnu/13.2.0/../../.. CMakeFiles/cmTC_0fe3e.dir/CMakeCXXCompilerABI.cpp.o -lstdc++ -lm -lgcc_s -lgcc -lc -lgcc_s -lgcc /usr/local/gcc-13.2.0/lib/gcc/x86_64-pc-linux-gnu/13.2.0/crtend.o /usr/lib/x86_64-linux-gnu/crtn.o]
    arg [/usr/local/gcc-13.2.0/libexec/gcc/x86_64-pc-linux-gnu/13.2.0/collect2] ==> ignore
    arg [-plugin] ==> ignore
    arg [/usr/local/gcc-13.2.0/libexec/gcc/x86_64-pc-linux-gnu/13.2.0/liblto_plugin.so] ==> ignore
    arg [-plugin-opt=/usr/local/gcc-13.2.0/libexec/gcc/x86_64-pc-linux-gnu/13.2.0/lto-wrapper] ==> ignore
    arg [-plugin-opt=-fresolution=/tmp/ccjl9XBQ.res] ==> ignore
    arg [-plugin-opt=-pass-through=-lgcc_s] ==> ignore
    arg [-plugin-opt=-pass-through=-lgcc] ==> ignore
    arg [-plugin-opt=-pass-through=-lc] ==> ignore
    arg [-plugin-opt=-pass-through=-lgcc_s] ==> ignore
    arg [-plugin-opt=-pass-through=-lgcc] ==> ignore
    arg [--eh-frame-hdr] ==> ignore
    arg [-m] ==> ignore
    arg [elf_x86_64] ==> ignore
    arg [-dynamic-linker] ==> ignore
    arg [/lib64/ld-linux-x86-64.so.2] ==> ignore
    arg [-o] ==> ignore
    arg [cmTC_0fe3e] ==> ignore
    arg [/usr/lib/x86_64-linux-gnu/crt1.o] ==> ignore
    arg [/usr/lib/x86_64-linux-gnu/crti.o] ==> ignore
    arg [/usr/local/gcc-13.2.0/lib/gcc/x86_64-pc-linux-gnu/13.2.0/crtbegin.o] ==> ignore
    arg [-L/usr/local/gcc-13.2.0/lib/gcc/x86_64-pc-linux-gnu/13.2.0] ==> dir [/usr/local/gcc-13.2.0/lib/gcc/x86_64-pc-linux-gnu/13.2.0]
    arg [-L/usr/local/gcc-13.2.0/lib/gcc/x86_64-pc-linux-gnu/13.2.0/../../../../lib64] ==> dir [/usr/local/gcc-13.2.0/lib/gcc/x86_64-pc-linux-gnu/13.2.0/../../../../lib64]
    arg [-L/lib/x86_64-linux-gnu] ==> dir [/lib/x86_64-linux-gnu]
    arg [-L/lib/../lib64] ==> dir [/lib/../lib64]
    arg [-L/usr/lib/x86_64-linux-gnu] ==> dir [/usr/lib/x86_64-linux-gnu]
    arg [-L/usr/local/gcc-13.2.0/lib/gcc/x86_64-pc-linux-gnu/13.2.0/../../..] ==> dir [/usr/local/gcc-13.2.0/lib/gcc/x86_64-pc-linux-gnu/13.2.0/../../..]
    arg [CMakeFiles/cmTC_0fe3e.dir/CMakeCXXCompilerABI.cpp.o] ==> ignore
    arg [-lstdc++] ==> lib [stdc++]
    arg [-lm] ==> lib [m]
    arg [-lgcc_s] ==> lib [gcc_s]
    arg [-lgcc] ==> lib [gcc]
    arg [-lc] ==> lib [c]
    arg [-lgcc_s] ==> lib [gcc_s]
    arg [-lgcc] ==> lib [gcc]
    arg [/usr/local/gcc-13.2.0/lib/gcc/x86_64-pc-linux-gnu/13.2.0/crtend.o] ==> ignore
    arg [/usr/lib/x86_64-linux-gnu/crtn.o] ==> ignore
  collapse library dir [/usr/local/gcc-13.2.0/lib/gcc/x86_64-pc-linux-gnu/13.2.0] ==> [/usr/local/gcc-13.2.0/lib/gcc/x86_64-pc-linux-gnu/13.2.0]
  collapse library dir [/usr/local/gcc-13.2.0/lib/gcc/x86_64-pc-linux-gnu/13.2.0/../../../../lib64] ==> [/usr/local/gcc-13.2.0/lib64]
  collapse library dir [/lib/x86_64-linux-gnu] ==> [/lib/x86_64-linux-gnu]
  collapse library dir [/lib/../lib64] ==> [/lib64]
  collapse library dir [/usr/lib/x86_64-linux-gnu] ==> [/usr/lib/x86_64-linux-gnu]
  collapse library dir [/usr/local/gcc-13.2.0/lib/gcc/x86_64-pc-linux-gnu/13.2.0/../../..] ==> [/usr/local/gcc-13.2.0/lib]
  implicit libs: [stdc++;m;gcc_s;gcc;c;gcc_s;gcc]
  implicit dirs: [/usr/local/gcc-13.2.0/lib/gcc/x86_64-pc-linux-gnu/13.2.0;/usr/local/gcc-13.2.0/lib64;/lib/x86_64-linux-gnu;/lib64;/usr/lib/x86_64-linux-gnu;/usr/local/gcc-13.2.0/lib]
  implicit fwks: []


